<?xml version="1.0" encoding="UTF-8"?>
<coverage generated="1612488648144" clover="3.2.0">
  <project timestamp="1612488648144" name="All files">
    <metrics statements="13" coveredstatements="8" conditionals="12" coveredconditionals="4" methods="1" coveredmethods="1" elements="26" coveredelements="13" complexity="0" loc="13" ncloc="13" packages="1" files="1" classes="1"/>
    <file name="user.js" path="/Users/kridsinggaw/Desktop/TMB/app/domains/user.js">
      <metrics statements="13" coveredstatements="8" conditionals="12" coveredconditionals="4" methods="1" coveredmethods="1"/>
      <line num="1" count="1" type="stmt"/>
      <line num="3" count="1" type="stmt"/>
      <line num="4" count="1" type="stmt"/>
      <line num="6" count="1" type="cond" truecount="1" falsecount="1"/>
      <line num="7" count="0" type="stmt"/>
      <line num="8" count="1" type="cond" truecount="3" falsecount="1"/>
      <line num="9" count="1" type="stmt"/>
      <line num="10" count="0" type="cond" truecount="0" falsecount="4"/>
      <line num="11" count="0" type="stmt"/>
      <line num="12" count="0" type="cond" truecount="0" falsecount="2"/>
      <line num="13" count="0" type="stmt"/>
      <line num="15" count="1" type="stmt"/>
      <line num="27" count="1" type="stmt"/>
    </file>
  </project>
</coverage>
